2021-05-15 10:03:56,992 [INFO] Activator:170 - 


2021-05-15 10:03:57,002 [INFO] Activator:171 - !SESSION log4j initialized
2021-05-15 10:04:50,821 [INFO] Activator:170 - 


2021-05-15 10:04:50,823 [INFO] Activator:171 - !SESSION log4j initialized
2021-05-15 10:06:01,791 [ERROR] ApiDbMcu:1471 - Can't use Application install path:
2021-05-15 10:06:04,099 [WARN] RulesReader:54 - Compatibility file://mcu/compatibility.xml not found
2021-05-15 10:12:59,960 [INFO] Activator:170 - 


2021-05-15 10:12:59,973 [INFO] Activator:171 - !SESSION log4j initialized
2021-05-15 10:13:01,114 [ERROR] ApiDbMcu:1471 - Can't use Application install path:
2021-05-15 10:13:03,389 [WARN] RulesReader:54 - Compatibility file://mcu/compatibility.xml not found
2021-05-15 10:14:28,219 [INFO] Activator:170 - 


2021-05-15 10:14:28,221 [INFO] Activator:171 - !SESSION log4j initialized
2021-05-15 10:14:29,350 [ERROR] ApiDbMcu:1471 - Can't use Application install path:
2021-05-15 10:14:31,623 [WARN] RulesReader:54 - Compatibility file://mcu/compatibility.xml not found
2021-05-15 10:15:24,368 [INFO] Activator:170 - 


2021-05-15 10:15:24,370 [INFO] Activator:171 - !SESSION log4j initialized
2021-05-15 10:15:26,634 [ERROR] ApiDbMcu:1471 - Can't use Application install path:
2021-05-15 10:15:28,907 [WARN] RulesReader:54 - Compatibility file://mcu/compatibility.xml not found
2021-05-15 10:15:58,991 [INFO] McuFinderGlobals:40 - Set McuFinder mode to 2 (CubeIDE integrated)
2021-05-15 10:16:02,683 [INFO] ApplicationProperties:181 - Using Application install path: C:\ST\STM32CubeIDE_1.5.1\STM32CubeIDE\plugins\com.st.stm32cube.common.mx_6.1.1.202012091304
2021-05-15 10:16:02,693 [INFO] DbMcusXml:71 - Set database path to: C:\ST\STM32CubeIDE_1.5.1\STM32CubeIDE\plugins\com.st.stm32cube.common.mx_6.1.1.202012091304\\db\/mcu/
2021-05-15 10:16:02,697 [INFO] DbBoardsPdsc:57 - Set plugin database path to: C:\ST\STM32CubeIDE_1.5.1\STM32CubeIDE\plugins\com.st.stm32cube.common.mx_6.1.1.202012091304\\db\/plugins/boardmanager/
2021-05-15 10:16:02,698 [INFO] DbMcus:259 - Set plugin images path to: C:\ST\STM32CubeIDE_1.5.1\STM32CubeIDE\plugins\com.st.stm32cube.common.mx_6.1.1.202012091304\\db\/plugins/mcufinder/images/
2021-05-15 10:16:02,698 [INFO] DbBoards:265 - Set plugin images path to: C:\ST\STM32CubeIDE_1.5.1\STM32CubeIDE\plugins\com.st.stm32cube.common.mx_6.1.1.202012091304\\db\/plugins/mcufinder/images/
2021-05-15 10:16:02,701 [INFO] DbExamples:329 - Set plugin images path to: C:\ST\STM32CubeIDE_1.5.1\STM32CubeIDE\plugins\com.st.stm32cube.common.mx_6.1.1.202012091304\\db\/plugins/mcufinder/images/
2021-05-15 10:16:02,709 [INFO] DbMcusDocs:112 - Set database path to: C:\Users\mariamor\.stmcufinder\plugins\mcufinder//mcu/
2021-05-15 10:16:02,712 [INFO] DbMcusJson:63 - Set database path to: C:\Users\mariamor\.stmcufinder\plugins\mcufinder//mcu/
2021-05-15 10:16:02,713 [INFO] DbBoardsDocs:112 - Set database path to: C:\Users\mariamor\.stmcufinder\plugins\mcufinder//mcu/
2021-05-15 10:16:02,714 [INFO] DbBoardsJson:56 - Set database path to: C:\Users\mariamor\.stmcufinder\plugins\mcufinder//mcu/
2021-05-15 10:16:02,740 [INFO] CrossReferenceDbSqlite:196 - Set database path to: C:\Users\mariamor\.stmcufinder\plugins\mcufinder//mcu/cs/
2021-05-15 10:16:02,744 [INFO] DbExamplesSqlite:699 - Set database path to: C:\Users\mariamor\.stmcufinder\plugins\mcufinder//mcu/
2021-05-15 10:16:02,918 [INFO] MicroXplorer:565 - Detected Java Version = 1.8.0_272
2021-05-15 10:16:02,922 [INFO] DbMcusXml:71 - Set database path to: C:\ST\STM32CubeIDE_1.5.1\STM32CubeIDE\plugins\com.st.stm32cube.common.mx_6.1.1.202012091304\\db\/mcu/
2021-05-15 10:16:02,924 [INFO] DbBoardsPdsc:57 - Set plugin database path to: C:\ST\STM32CubeIDE_1.5.1\STM32CubeIDE\plugins\com.st.stm32cube.common.mx_6.1.1.202012091304\\db\/plugins/boardmanager/
2021-05-15 10:16:02,924 [INFO] DbMcus:259 - Set plugin images path to: C:\ST\STM32CubeIDE_1.5.1\STM32CubeIDE\plugins\com.st.stm32cube.common.mx_6.1.1.202012091304\\db\/plugins/mcufinder/images/
2021-05-15 10:16:02,925 [INFO] DbBoards:265 - Set plugin images path to: C:\ST\STM32CubeIDE_1.5.1\STM32CubeIDE\plugins\com.st.stm32cube.common.mx_6.1.1.202012091304\\db\/plugins/mcufinder/images/
2021-05-15 10:16:02,925 [INFO] DbExamples:329 - Set plugin images path to: C:\ST\STM32CubeIDE_1.5.1\STM32CubeIDE\plugins\com.st.stm32cube.common.mx_6.1.1.202012091304\\db\/plugins/mcufinder/images/
2021-05-15 10:16:02,925 [WARN] DbFile:36 - Overriding database path with different value: C:\Users\mariamor\.stmcufinder\plugins\mcufinder/ => C:\Users\mariamor\.stmcufinder\plugins\mcufinder
2021-05-15 10:16:02,925 [INFO] DbMcusDocs:112 - Set database path to: C:\Users\mariamor\.stmcufinder\plugins\mcufinder//mcu/
2021-05-15 10:16:02,926 [WARN] DbFile:36 - Overriding database path with different value: C:\Users\mariamor\.stmcufinder\plugins\mcufinder/ => C:\Users\mariamor\.stmcufinder\plugins\mcufinder
2021-05-15 10:16:02,926 [INFO] DbMcusJson:63 - Set database path to: C:\Users\mariamor\.stmcufinder\plugins\mcufinder//mcu/
2021-05-15 10:16:02,926 [WARN] DbFile:36 - Overriding database path with different value: C:\Users\mariamor\.stmcufinder\plugins\mcufinder/ => C:\Users\mariamor\.stmcufinder\plugins\mcufinder
2021-05-15 10:16:02,926 [INFO] DbBoardsDocs:112 - Set database path to: C:\Users\mariamor\.stmcufinder\plugins\mcufinder//mcu/
2021-05-15 10:16:02,927 [WARN] DbFile:36 - Overriding database path with different value: C:\Users\mariamor\.stmcufinder\plugins\mcufinder/ => C:\Users\mariamor\.stmcufinder\plugins\mcufinder
2021-05-15 10:16:02,927 [INFO] DbBoardsJson:56 - Set database path to: C:\Users\mariamor\.stmcufinder\plugins\mcufinder//mcu/
2021-05-15 10:16:02,927 [WARN] DbFile:36 - Overriding database path with different value: C:\Users\mariamor\.stmcufinder\plugins\mcufinder/ => C:\Users\mariamor\.stmcufinder\plugins\mcufinder
2021-05-15 10:16:02,927 [WARN] DbFile:36 - Overriding database path with different value: C:\Users\mariamor\.stmcufinder\plugins\mcufinder/ => C:\Users\mariamor\.stmcufinder\plugins\mcufinder
2021-05-15 10:16:02,927 [INFO] CrossReferenceDbSqlite:196 - Set database path to: C:\Users\mariamor\.stmcufinder\plugins\mcufinder//mcu/cs/
2021-05-15 10:16:02,928 [WARN] DbFile:36 - Overriding database path with different value: C:\Users\mariamor\.stmcufinder\plugins\mcufinder/ => C:\Users\mariamor\.stmcufinder\plugins\mcufinder
2021-05-15 10:16:02,928 [INFO] DbExamplesSqlite:699 - Set database path to: C:\Users\mariamor\.stmcufinder\plugins\mcufinder//mcu/
2021-05-15 10:16:03,093 [INFO] MainPanel:190 - HeapMemory: 320864256
2021-05-15 10:16:03,228 [INFO] DbMcusXml:71 - Set database path to: C:\ST\STM32CubeIDE_1.5.1\STM32CubeIDE\plugins\com.st.stm32cube.common.mx_6.1.1.202012091304\\db\/mcu/
2021-05-15 10:16:03,228 [INFO] DbBoardsPdsc:57 - Set plugin database path to: C:\ST\STM32CubeIDE_1.5.1\STM32CubeIDE\plugins\com.st.stm32cube.common.mx_6.1.1.202012091304\\db\/plugins/boardmanager/
2021-05-15 10:16:03,228 [INFO] DbMcus:259 - Set plugin images path to: C:\ST\STM32CubeIDE_1.5.1\STM32CubeIDE\plugins\com.st.stm32cube.common.mx_6.1.1.202012091304\\db\/plugins/mcufinder/images/
2021-05-15 10:16:03,229 [INFO] DbBoards:265 - Set plugin images path to: C:\ST\STM32CubeIDE_1.5.1\STM32CubeIDE\plugins\com.st.stm32cube.common.mx_6.1.1.202012091304\\db\/plugins/mcufinder/images/
2021-05-15 10:16:03,229 [INFO] DbExamples:329 - Set plugin images path to: C:\ST\STM32CubeIDE_1.5.1\STM32CubeIDE\plugins\com.st.stm32cube.common.mx_6.1.1.202012091304\\db\/plugins/mcufinder/images/
2021-05-15 10:16:03,230 [WARN] DbFile:36 - Overriding database path with different value: C:\Users\mariamor\.stmcufinder\plugins\mcufinder/ => C:\Users\mariamor\.stmcufinder\plugins\mcufinder
2021-05-15 10:16:03,231 [INFO] DbMcusDocs:112 - Set database path to: C:\Users\mariamor\.stmcufinder\plugins\mcufinder//mcu/
2021-05-15 10:16:03,231 [WARN] DbFile:36 - Overriding database path with different value: C:\Users\mariamor\.stmcufinder\plugins\mcufinder/ => C:\Users\mariamor\.stmcufinder\plugins\mcufinder
2021-05-15 10:16:03,232 [INFO] DbMcusJson:63 - Set database path to: C:\Users\mariamor\.stmcufinder\plugins\mcufinder//mcu/
2021-05-15 10:16:03,232 [WARN] DbFile:36 - Overriding database path with different value: C:\Users\mariamor\.stmcufinder\plugins\mcufinder/ => C:\Users\mariamor\.stmcufinder\plugins\mcufinder
2021-05-15 10:16:03,233 [INFO] DbBoardsDocs:112 - Set database path to: C:\Users\mariamor\.stmcufinder\plugins\mcufinder//mcu/
2021-05-15 10:16:03,233 [WARN] DbFile:36 - Overriding database path with different value: C:\Users\mariamor\.stmcufinder\plugins\mcufinder/ => C:\Users\mariamor\.stmcufinder\plugins\mcufinder
2021-05-15 10:16:03,233 [INFO] DbBoardsJson:56 - Set database path to: C:\Users\mariamor\.stmcufinder\plugins\mcufinder//mcu/
2021-05-15 10:16:03,233 [WARN] DbFile:36 - Overriding database path with different value: C:\Users\mariamor\.stmcufinder\plugins\mcufinder/ => C:\Users\mariamor\.stmcufinder\plugins\mcufinder
2021-05-15 10:16:03,234 [WARN] DbFile:36 - Overriding database path with different value: C:\Users\mariamor\.stmcufinder\plugins\mcufinder/ => C:\Users\mariamor\.stmcufinder\plugins\mcufinder
2021-05-15 10:16:03,234 [INFO] CrossReferenceDbSqlite:196 - Set database path to: C:\Users\mariamor\.stmcufinder\plugins\mcufinder//mcu/cs/
2021-05-15 10:16:03,234 [WARN] DbFile:36 - Overriding database path with different value: C:\Users\mariamor\.stmcufinder\plugins\mcufinder/ => C:\Users\mariamor\.stmcufinder\plugins\mcufinder
2021-05-15 10:16:03,235 [INFO] DbExamplesSqlite:699 - Set database path to: C:\Users\mariamor\.stmcufinder\plugins\mcufinder//mcu/
2021-05-15 10:16:03,255 [INFO] ApplicationProperties:181 - Using Application install path: C:\ST\STM32CubeIDE_1.5.1\STM32CubeIDE\plugins\com.st.stm32cube.common.mx_6.1.1.202012091304
2021-05-15 10:16:03,257 [INFO] PluginManage:178 - Search for loadable plugins [exclusion list=, ]
2021-05-15 10:16:03,259 [INFO] PluginManage:292 - Check plugin analytics
2021-05-15 10:16:03,702 [INFO] AnalyticsPlugin:225 - Accepted Software Licenses: 
2021-05-15 10:16:03,703 [INFO] AnalyticsPlugin:227 - Accepted CMSIS Pack Licenses: 
2021-05-15 10:16:03,703 [INFO] AnalyticsPlugin:229 - Accepted Firmware Licenses: 
2021-05-15 10:16:03,704 [INFO] PluginManage:342 - Loaded plugin analytics (category:tool,tabindex:-1)
2021-05-15 10:16:03,704 [INFO] PluginManage:292 - Check plugin clock
2021-05-15 10:16:03,724 [INFO] PluginManage:342 - Loaded plugin clock (category:base,tabindex:2)
2021-05-15 10:16:03,725 [INFO] PluginManage:292 - Check plugin ddr
2021-05-15 10:16:03,729 [INFO] PluginManage:342 - Loaded plugin ddr (category:tool,tabindex:6)
2021-05-15 10:16:03,729 [INFO] PluginManage:292 - Check plugin filemanager
2021-05-15 10:16:03,996 [INFO] PluginManage:342 - Loaded plugin filemanager (category:base,tabindex:10)
2021-05-15 10:16:03,996 [INFO] PluginManage:292 - Check plugin ipmanager
2021-05-15 10:16:04,026 [INFO] PluginManage:342 - Loaded plugin ipmanager (category:base,tabindex:5)
2021-05-15 10:16:04,026 [INFO] PluginManage:292 - Check plugin pinoutandconfiguration
2021-05-15 10:16:04,042 [INFO] PluginManage:342 - Loaded plugin pinoutandconfiguration (category:base,tabindex:1)
2021-05-15 10:16:04,042 [INFO] PluginManage:292 - Check plugin pinoutconfig
2021-05-15 10:16:04,079 [INFO] PluginManage:342 - Loaded plugin pinoutconfig (category:base,tabindex:0)
2021-05-15 10:16:04,080 [INFO] PluginManage:292 - Check plugin power
2021-05-15 10:16:04,099 [INFO] PluginManage:342 - Loaded plugin power (category:power,tabindex:4)
2021-05-15 10:16:04,102 [INFO] PluginManage:292 - Check plugin projectmanager
2021-05-15 10:16:04,144 [INFO] PluginManage:342 - Loaded plugin projectmanager (category:projectmanager,tabindex:3)
2021-05-15 10:16:04,144 [INFO] PluginManage:292 - Check plugin thirdparty
2021-05-15 10:16:04,510 [INFO] PluginManage:342 - Loaded plugin thirdparty (category:base,tabindex:-1)
2021-05-15 10:16:04,533 [INFO] PluginManage:292 - Check plugin tools
2021-05-15 10:16:04,537 [INFO] PluginManage:342 - Loaded plugin tools (category:base,tabindex:7)
2021-05-15 10:16:04,537 [INFO] PluginManage:292 - Check plugin tutovideos
2021-05-15 10:16:04,563 [WARN] IntegrityCheckThread:59 - waiting for thirdparty lock release [integrity check]
2021-05-15 10:16:04,566 [INFO] IntegrityCheckThread:61 - entering critical section [integrity check]
2021-05-15 10:16:04,566 [INFO] ThirdPartyUpdaterWithRetryManager:56 - Updater plugin not ready yet. [1/15]
2021-05-15 10:16:04,934 [INFO] PluginManage:342 - Loaded plugin tutovideos (category:base,tabindex:-1)
2021-05-15 10:16:04,935 [INFO] PluginManage:292 - Check plugin updater
2021-05-15 10:16:05,047 [INFO] PluginManage:342 - Loaded plugin updater (category:base,tabindex:12)
2021-05-15 10:16:05,048 [INFO] PluginManage:265 - PluginManage : Loaded plugins [13]
2021-05-15 10:16:05,439 [INFO] PinOutPanel:1434 - setPackage(No Configuration,No Configuration)
2021-05-15 10:16:05,596 [INFO] IPUIPlugin:64 - create IPUIPlugin
2021-05-15 10:16:05,597 [INFO] PluginManager:203 - loadIPPluginJar : add adc
2021-05-15 10:16:05,601 [INFO] IPUIPlugin:64 - create IPUIPlugin
2021-05-15 10:16:05,602 [INFO] PluginManager:203 - loadIPPluginJar : add aes
2021-05-15 10:16:05,608 [INFO] IPUIPlugin:64 - create IPUIPlugin
2021-05-15 10:16:05,608 [INFO] PluginManager:203 - loadIPPluginJar : add can
2021-05-15 10:16:05,612 [INFO] IPUIPlugin:64 - create IPUIPlugin
2021-05-15 10:16:05,612 [INFO] PluginManager:203 - loadIPPluginJar : add comp
2021-05-15 10:16:05,617 [INFO] IPUIPlugin:64 - create IPUIPlugin
2021-05-15 10:16:05,618 [INFO] PluginManager:203 - loadIPPluginJar : add cryp
2021-05-15 10:16:05,624 [INFO] IPUIPlugin:64 - create IPUIPlugin
2021-05-15 10:16:05,624 [INFO] PluginManager:203 - loadIPPluginJar : add dfsdm
2021-05-15 10:16:05,634 [INFO] IPUIPlugin:64 - create IPUIPlugin
2021-05-15 10:16:05,635 [INFO] PluginManager:203 - loadIPPluginJar : add dma
2021-05-15 10:16:05,639 [INFO] IPUIPlugin:64 - create IPUIPlugin
2021-05-15 10:16:05,640 [INFO] PluginManager:203 - loadIPPluginJar : add fatfs
2021-05-15 10:16:05,647 [INFO] IPUIPlugin:64 - create IPUIPlugin
2021-05-15 10:16:05,647 [INFO] PluginManager:203 - loadIPPluginJar : add fmc
2021-05-15 10:16:05,659 [INFO] IPUIPlugin:64 - create IPUIPlugin
2021-05-15 10:16:05,660 [INFO] PluginManager:203 - loadIPPluginJar : add freertos
2021-05-15 10:16:05,663 [INFO] IPUIPlugin:64 - create IPUIPlugin
2021-05-15 10:16:05,663 [INFO] PluginManager:203 - loadIPPluginJar : add genericplugin
2021-05-15 10:16:05,667 [INFO] IPUIPlugin:64 - create IPUIPlugin
2021-05-15 10:16:05,668 [INFO] PluginManager:203 - loadIPPluginJar : add gfxmmu
2021-05-15 10:16:05,675 [INFO] IPUIPlugin:64 - create IPUIPlugin
2021-05-15 10:16:05,676 [INFO] PluginManager:203 - loadIPPluginJar : add gic
2021-05-15 10:16:05,682 [INFO] IPUIPlugin:64 - create IPUIPlugin
2021-05-15 10:16:05,683 [INFO] PluginManager:203 - loadIPPluginJar : add gpio
2021-05-15 10:16:05,687 [INFO] IPUIPlugin:64 - create IPUIPlugin
2021-05-15 10:16:05,688 [INFO] PluginManager:203 - loadIPPluginJar : add gtzc
2021-05-15 10:16:05,691 [INFO] IPUIPlugin:64 - create IPUIPlugin
2021-05-15 10:16:05,691 [INFO] PluginManager:203 - loadIPPluginJar : add hash
2021-05-15 10:16:05,696 [INFO] IPUIPlugin:64 - create IPUIPlugin
2021-05-15 10:16:05,696 [INFO] PluginManager:203 - loadIPPluginJar : add i2c
2021-05-15 10:16:05,700 [INFO] IPUIPlugin:64 - create IPUIPlugin
2021-05-15 10:16:05,700 [INFO] PluginManager:203 - loadIPPluginJar : add i2s
2021-05-15 10:16:05,705 [INFO] IPUIPlugin:64 - create IPUIPlugin
2021-05-15 10:16:05,705 [INFO] PluginManager:203 - loadIPPluginJar : add ipddr
2021-05-15 10:16:05,709 [INFO] IPUIPlugin:64 - create IPUIPlugin
2021-05-15 10:16:05,709 [INFO] PluginManager:203 - loadIPPluginJar : add lorawan
2021-05-15 10:16:05,711 [INFO] IPUIPlugin:64 - create IPUIPlugin
2021-05-15 10:16:05,712 [INFO] PluginManager:203 - loadIPPluginJar : add ltdc
2021-05-15 10:16:05,716 [INFO] IPUIPlugin:64 - create IPUIPlugin
2021-05-15 10:16:05,717 [INFO] PluginManager:203 - loadIPPluginJar : add mdma
2021-05-15 10:16:05,722 [INFO] IPUIPlugin:64 - create IPUIPlugin
2021-05-15 10:16:05,722 [INFO] PluginManager:203 - loadIPPluginJar : add nvic
2021-05-15 10:16:05,726 [INFO] IPUIPlugin:64 - create IPUIPlugin
2021-05-15 10:16:05,727 [INFO] PluginManager:203 - loadIPPluginJar : add opamp
2021-05-15 10:16:05,731 [INFO] IPUIPlugin:64 - create IPUIPlugin
2021-05-15 10:16:05,731 [INFO] PluginManager:203 - loadIPPluginJar : add openamp
2021-05-15 10:16:05,735 [INFO] IPUIPlugin:64 - create IPUIPlugin
2021-05-15 10:16:05,736 [INFO] PluginManager:203 - loadIPPluginJar : add pdm2pcm
2021-05-15 10:16:05,745 [INFO] IPUIPlugin:64 - create IPUIPlugin
2021-05-15 10:16:05,749 [INFO] PluginManager:203 - loadIPPluginJar : add plateformsettings
2021-05-15 10:16:05,751 [INFO] IPUIPlugin:64 - create IPUIPlugin
2021-05-15 10:16:05,752 [INFO] PluginManager:203 - loadIPPluginJar : add quadspi
2021-05-15 10:16:05,759 [INFO] IPUIPlugin:64 - create IPUIPlugin
2021-05-15 10:16:05,760 [INFO] PluginManager:203 - loadIPPluginJar : add resmgrutility
2021-05-15 10:16:05,764 [INFO] IPUIPlugin:64 - create IPUIPlugin
2021-05-15 10:16:05,765 [INFO] PluginManager:203 - loadIPPluginJar : add sai
2021-05-15 10:16:05,768 [INFO] IPUIPlugin:64 - create IPUIPlugin
2021-05-15 10:16:05,768 [INFO] PluginManager:203 - loadIPPluginJar : add spi
2021-05-15 10:16:05,775 [INFO] IPUIPlugin:64 - create IPUIPlugin
2021-05-15 10:16:05,775 [INFO] PluginManager:203 - loadIPPluginJar : add stm32_wpan
2021-05-15 10:16:05,778 [INFO] IPUIPlugin:64 - create IPUIPlugin
2021-05-15 10:16:05,778 [INFO] PluginManager:203 - loadIPPluginJar : add tim
2021-05-15 10:16:05,783 [INFO] IPUIPlugin:64 - create IPUIPlugin
2021-05-15 10:16:05,783 [INFO] PluginManager:203 - loadIPPluginJar : add touchsensing
2021-05-15 10:16:05,785 [INFO] IPUIPlugin:64 - create IPUIPlugin
2021-05-15 10:16:05,786 [INFO] PluginManager:203 - loadIPPluginJar : add tracer_emb
2021-05-15 10:16:05,789 [INFO] IPUIPlugin:64 - create IPUIPlugin
2021-05-15 10:16:05,789 [INFO] PluginManager:203 - loadIPPluginJar : add ts
2021-05-15 10:16:05,792 [INFO] IPUIPlugin:64 - create IPUIPlugin
2021-05-15 10:16:05,792 [INFO] PluginManager:203 - loadIPPluginJar : add tsc
2021-05-15 10:16:05,795 [INFO] IPUIPlugin:64 - create IPUIPlugin
2021-05-15 10:16:05,795 [INFO] PluginManager:203 - loadIPPluginJar : add ucpd
2021-05-15 10:16:05,799 [INFO] IPUIPlugin:64 - create IPUIPlugin
2021-05-15 10:16:05,799 [INFO] PluginManager:203 - loadIPPluginJar : add usart
2021-05-15 10:16:06,176 [FATAL] Updater:284 - Updater called before beeing initialized
2021-05-15 10:16:06,345 [FATAL] Updater:284 - Updater called before beeing initialized
2021-05-15 10:16:06,404 [WARN] DetailPanel:347 - Failed to get advertising image, set to default
2021-05-15 10:16:06,411 [FATAL] Updater:284 - Updater called before beeing initialized
2021-05-15 10:16:06,412 [WARN] DetailPanel:347 - Failed to get advertising image, set to default
2021-05-15 10:16:06,591 [FATAL] Updater:284 - Updater called before beeing initialized
2021-05-15 10:16:06,591 [WARN] ThirdParty:783 - waiting for thirdparty lock release [close project]
2021-05-15 10:16:07,573 [INFO] ThirdPartyUpdaterWithRetryManager:56 - Updater plugin not ready yet. [2/15]
2021-05-15 10:16:10,579 [FATAL] Updater:284 - Updater called before beeing initialized
2021-05-15 10:16:10,579 [ERROR] AbstractThirdPartyUpdaterManager:153 - java.lang.Integer cannot be cast to java.util.List
2021-05-15 10:16:10,580 [INFO] ThirdParty:887 - Integrity check success = false
2021-05-15 10:16:10,580 [INFO] IntegrityCheckThread:75 - exiting critical section [integrity check]
2021-05-15 10:16:10,580 [INFO] IntegrityCheckThread:78 - End integrity checks thread
2021-05-15 10:16:10,580 [INFO] ThirdParty:785 - entering critical section [close project]
2021-05-15 10:16:10,582 [INFO] ThirdParty:796 - exiting critical section [close project]
2021-05-15 10:16:10,586 [INFO] PinOutPanel:1434 - setPackage(No Configuration,No Configuration)
2021-05-15 10:16:10,587 [FATAL] Updater:284 - Updater called before beeing initialized
2021-05-15 10:16:10,596 [ERROR] Updater:1065 - MainUpdater not yet initialized. External WinMGr cannot be set.
2021-05-15 10:16:10,600 [INFO] Updater:1002 - Updater Version found : 6.1.1
2021-05-15 10:16:10,622 [INFO] ApplicationProperties:181 - Using Application install path: C:\ST\STM32CubeIDE_1.5.1\STM32CubeIDE\plugins\com.st.stm32cube.common.mx_6.1.1.202012091304
2021-05-15 10:16:10,815 [INFO] MainUpdater:2644 - connection check result : 10
2021-05-15 10:16:10,816 [INFO] MainUpdater:249 - Updater Check For Update Now.
2021-05-15 10:16:10,816 [INFO] MicroXplorer:415 - Change Database Version : DB.6.0.10
2021-05-15 10:16:10,890 [INFO] CheckServerUpdateThread:102 - End of CheckServer Thread
2021-05-15 10:16:10,929 [INFO] MainUpdater:2644 - connection check result : 10
2021-05-15 10:16:10,931 [INFO] MainUpdater:2644 - connection check result : 10
2021-05-15 10:16:11,160 [INFO] MicroXplorer:385 - Change Database Path : 
2021-05-15 10:16:11,160 [INFO] MicroXplorer:415 - Change Database Version : DB.6.0.10
2021-05-15 10:16:11,161 [WARN] ThirdParty:783 - waiting for thirdparty lock release [close project]
2021-05-15 10:16:11,161 [INFO] ThirdParty:785 - entering critical section [close project]
2021-05-15 10:16:11,161 [INFO] ThirdParty:796 - exiting critical section [close project]
2021-05-15 10:16:11,164 [INFO] PinOutPanel:1434 - setPackage(No Configuration,No Configuration)
2021-05-15 10:16:11,165 [INFO] UtilMem:74 - Begin LoadConfig() Used Memory: 208728424 Bytes (348127232)
2021-05-15 10:16:11,170 [INFO] MicroXplorer:385 - Change Database Path : C:/Users/mariamor/.stm32cubemx/databases/DB.5.0.60/db/
2021-05-15 10:16:11,170 [INFO] MicroXplorer:415 - Change Database Version : DB.5.0.60
2021-05-15 10:16:11,172 [INFO] LogOutputStream:76 - [STDOUT_REDIRECT] *****Project Manager Settings
2021-05-15 10:16:14,919 [INFO] OpenFileManager:274 - Change cursor
2021-05-15 10:16:14,925 [WARN] ThirdParty:204 - Use empty third party IP manager
2021-05-15 10:16:15,143 [WARN] IntegrityCheckThread:59 - waiting for thirdparty lock release [integrity check]
2021-05-15 10:16:15,144 [INFO] IntegrityCheckThread:61 - entering critical section [integrity check]
2021-05-15 10:16:15,633 [WARN] ConditionMgr:437 - getConditionDescription Invalid condition id : SIGFOX STM32 LIB Condition cause : null
2021-05-15 10:16:15,635 [WARN] ConditionMgr:437 - getConditionDescription Invalid condition id : Sigfox Third Party LIB Condition cause : null
2021-05-15 10:16:15,637 [WARN] ConditionMgr:1040 - genDependencies : Invalid condition id : SIGFOX STM32 LIB Condition cause : null
2021-05-15 10:16:15,637 [WARN] ConditionMgr:1040 - genDependencies : Invalid condition id : Sigfox Third Party LIB Condition cause : null
2021-05-15 10:16:15,638 [WARN] ConditionMgr:1040 - genDependencies : Invalid condition id : Sigfox Third Party LIB Condition cause : null
2021-05-15 10:16:15,638 [WARN] ConditionMgr:1040 - genDependencies : Invalid condition id : SIGFOX STM32 LIB Condition cause : null
2021-05-15 10:16:15,638 [WARN] ConditionMgr:1040 - genDependencies : Invalid condition id : SIGFOX STM32 LIB Condition cause : null
2021-05-15 10:16:15,638 [WARN] ConditionMgr:1040 - genDependencies : Invalid condition id : Sigfox Third Party LIB Condition cause : null
2021-05-15 10:16:16,889 [INFO] ThirdParty:887 - Integrity check success = true
2021-05-15 10:16:16,889 [INFO] IntegrityCheckThread:75 - exiting critical section [integrity check]
2021-05-15 10:16:16,889 [INFO] IntegrityCheckThread:78 - End integrity checks thread
2021-05-15 10:16:21,199 [WARN] ApiManager:294 - Cannot register API 'Board Extension:S2868A1' from pack STMicroelectronics.X-CUBE-SFXS2LP1.3.0.0: no header file found
2021-05-15 10:16:21,200 [WARN] ApiManager:294 - Cannot register API 'Board Extension:S2868A2' from pack STMicroelectronics.X-CUBE-SFXS2LP1.3.0.0: no header file found
2021-05-15 10:16:21,200 [WARN] ApiManager:294 - Cannot register API 'Board Extension:S2915A1' from pack STMicroelectronics.X-CUBE-SFXS2LP1.3.0.0: no header file found
2021-05-15 10:16:21,212 [WARN] ApiManager:294 - Cannot register API 'Board Extension:S2868A1' from pack STMicroelectronics.X-CUBE-SUBG2.3.0.1: no header file found
2021-05-15 10:16:21,213 [WARN] ApiManager:294 - Cannot register API 'Board Extension:S2868A2' from pack STMicroelectronics.X-CUBE-SUBG2.3.0.1: no header file found
2021-05-15 10:16:21,213 [WARN] ApiManager:294 - Cannot register API 'Board Extension:S2915A1' from pack STMicroelectronics.X-CUBE-SUBG2.3.0.1: no header file found
2021-05-15 10:16:21,221 [WARN] ModelIntegratedComponent:51 - No mode defined for component null
2021-05-15 10:16:21,221 [WARN] ModelIntegratedComponent:51 - No mode defined for component null
2021-05-15 10:16:21,221 [WARN] ModelIntegratedComponent:51 - No mode defined for component null
2021-05-15 10:16:21,221 [WARN] ModelIntegratedComponent:51 - No mode defined for component null
2021-05-15 10:16:21,221 [WARN] ModelIntegratedComponent:51 - No mode defined for component null
2021-05-15 10:16:21,222 [WARN] ModelIntegratedComponent:51 - No mode defined for component null
2021-05-15 10:16:21,222 [WARN] ModelIntegratedComponent:51 - No mode defined for component null
2021-05-15 10:16:21,222 [WARN] ModelIntegratedComponent:51 - No mode defined for component null
2021-05-15 10:16:21,222 [WARN] ModelIntegratedComponent:51 - No mode defined for component null
2021-05-15 10:16:21,222 [WARN] ModelIntegratedComponent:51 - No mode defined for component null
2021-05-15 10:16:21,222 [WARN] ModelIntegratedComponent:51 - No mode defined for component null
2021-05-15 10:16:21,222 [WARN] ModelIntegratedComponent:51 - No mode defined for component null
2021-05-15 10:16:21,222 [WARN] ModelIntegratedComponent:51 - No mode defined for component null
2021-05-15 10:16:21,222 [WARN] ModelIntegratedComponent:51 - No mode defined for component null
2021-05-15 10:16:21,223 [WARN] ModelIntegratedComponent:51 - No mode defined for component null
2021-05-15 10:16:21,223 [WARN] ModelIntegratedComponent:51 - No mode defined for component null
2021-05-15 10:16:21,223 [WARN] ModelIntegratedComponent:51 - No mode defined for component null
2021-05-15 10:16:21,223 [WARN] ModelIntegratedComponent:51 - No mode defined for component null
2021-05-15 10:16:21,223 [WARN] ModelIntegratedComponent:51 - No mode defined for component null
2021-05-15 10:16:21,223 [WARN] ModelIntegratedComponent:51 - No mode defined for component null
2021-05-15 10:16:21,223 [WARN] ModelIntegratedComponent:51 - No mode defined for component null
2021-05-15 10:16:21,223 [WARN] ModelIntegratedComponent:51 - No mode defined for component null
2021-05-15 10:16:21,224 [WARN] ModelIntegratedComponent:51 - No mode defined for component null
2021-05-15 10:16:21,224 [WARN] ModelIntegratedComponent:51 - No mode defined for component null
2021-05-15 10:16:21,224 [WARN] ModelIntegratedComponent:51 - No mode defined for component null
2021-05-15 10:16:21,224 [WARN] ModelIntegratedComponent:51 - No mode defined for component null
2021-05-15 10:16:21,224 [WARN] ModelIntegratedComponent:51 - No mode defined for component null
2021-05-15 10:16:21,224 [WARN] ModelIntegratedComponent:51 - No mode defined for component null
2021-05-15 10:16:21,224 [WARN] ModelIntegratedComponent:51 - No mode defined for component null
2021-05-15 10:16:21,224 [WARN] ModelIntegratedComponent:51 - No mode defined for component null
2021-05-15 10:16:21,224 [WARN] ModelIntegratedComponent:51 - No mode defined for component null
2021-05-15 10:16:21,225 [WARN] ModelIntegratedComponent:51 - No mode defined for component null
2021-05-15 10:16:21,225 [WARN] ModelIntegratedComponent:51 - No mode defined for component null
2021-05-15 10:16:21,225 [WARN] ModelIntegratedComponent:51 - No mode defined for component null
2021-05-15 10:16:21,225 [WARN] ModelIntegratedComponent:51 - No mode defined for component null
2021-05-15 10:16:21,225 [WARN] ModelIntegratedComponent:51 - No mode defined for component null
2021-05-15 10:16:21,225 [WARN] ModelIntegratedComponent:51 - No mode defined for component null
2021-05-15 10:16:21,225 [WARN] ModelIntegratedComponent:51 - No mode defined for component null
2021-05-15 10:16:21,229 [WARN] ApiManager:294 - Cannot register API 'Board Extension:S2868A1' from pack STMicroelectronics.X-CUBE-SFXS2LP1.2.0.0: no header file found
2021-05-15 10:16:21,229 [WARN] ApiManager:294 - Cannot register API 'Board Extension:S2868A2' from pack STMicroelectronics.X-CUBE-SFXS2LP1.2.0.0: no header file found
2021-05-15 10:16:21,229 [WARN] ApiManager:294 - Cannot register API 'Board Extension:S2915A1' from pack STMicroelectronics.X-CUBE-SFXS2LP1.2.0.0: no header file found
2021-05-15 10:16:21,233 [WARN] ApiManager:294 - Cannot register API 'Board Extension:S2868A1' from pack STMicroelectronics.X-CUBE-SUBG2.4.0.0: no header file found
2021-05-15 10:16:21,233 [WARN] ApiManager:294 - Cannot register API 'Board Extension:S2868A2' from pack STMicroelectronics.X-CUBE-SUBG2.4.0.0: no header file found
2021-05-15 10:16:21,233 [WARN] ApiManager:294 - Cannot register API 'Board Extension:S2915A1' from pack STMicroelectronics.X-CUBE-SUBG2.4.0.0: no header file found
2021-05-15 10:16:21,329 [WARN] ApiManager:294 - Cannot register API 'Board Extension:IKS01A3' from pack STMicroelectronics.X-CUBE-MEMS1.8.2.0: no header file found
2021-05-15 10:16:21,329 [WARN] ApiManager:294 - Cannot register API 'Board Extension:IKS01A2' from pack STMicroelectronics.X-CUBE-MEMS1.8.2.0: no header file found
2021-05-15 10:16:21,329 [WARN] ApiManager:294 - Cannot register API 'Board Extension:IKS02A1' from pack STMicroelectronics.X-CUBE-MEMS1.8.2.0: no header file found
2021-05-15 10:16:21,342 [WARN] ApiManager:294 - Cannot register API 'Board Extension:EEPRMA1' from pack STMicroelectronics.X-CUBE-EEPRMA1.3.0.0: no header file found
2021-05-15 10:16:21,342 [WARN] ApiManager:294 - Cannot register API 'Board Extension:EEPRMA2' from pack STMicroelectronics.X-CUBE-EEPRMA1.3.0.0: no header file found
2021-05-15 10:16:21,373 [WARN] ApiManager:294 - Cannot register API 'Board Extension:IKS01A3' from pack STMicroelectronics.X-CUBE-MEMS1.8.3.0: no header file found
2021-05-15 10:16:21,374 [WARN] ApiManager:294 - Cannot register API 'Board Extension:IKS01A2' from pack STMicroelectronics.X-CUBE-MEMS1.8.3.0: no header file found
2021-05-15 10:16:21,374 [WARN] ApiManager:294 - Cannot register API 'Board Extension:IKS02A1' from pack STMicroelectronics.X-CUBE-MEMS1.8.3.0: no header file found
2021-05-15 10:16:21,384 [INFO] RtosManager:464 - Registered RTOS mode: class=CMSIS, group=RTOS, mode=CMSIS_V1, owner=FREERTOS
2021-05-15 10:16:21,384 [INFO] RtosManager:464 - Registered RTOS mode: class=CMSIS, group=RTOS2, mode=CMSIS_V2, owner=FREERTOS
2021-05-15 10:16:21,384 [INFO] RtosManager:464 - Registered RTOS mode: class=RTOS, group=Core, mode=CMSIS_V1, owner=FREERTOS
2021-05-15 10:16:21,384 [INFO] RtosManager:464 - Registered RTOS mode: class=RTOS, group=Core, mode=CMSIS_V2, owner=FREERTOS
2021-05-15 10:16:21,384 [WARN] ModelIntegratedComponent:182 - Missing modes for component STMicroelectronics:FreeRTOS:0.0.1:STMicroelectronics:RTOS:FreeRTOS:Core:::10.2.0:
2021-05-15 10:16:21,388 [WARN] ApiManager:294 - Cannot register API 'Board Extension:GNSS1A1' from pack STMicroelectronics.X-CUBE-GNSS1.5.1.0: no header file found
2021-05-15 10:16:21,388 [WARN] ApiManager:294 - Cannot register API 'Board Support:Custom' from pack STMicroelectronics.X-CUBE-GNSS1.5.1.0: no header file found
2021-05-15 10:16:21,388 [WARN] ApiManager:294 - Cannot register API 'Data Exchange:lib_gnss' from pack STMicroelectronics.X-CUBE-GNSS1.5.1.0: no header file found
2021-05-15 10:16:21,390 [WARN] ApiManager:294 - Cannot register API 'Board Extension:GNSS1A1' from pack STMicroelectronics.X-CUBE-GNSS1.5.2.0: no header file found
2021-05-15 10:16:21,390 [WARN] ApiManager:294 - Cannot register API 'Board Support:Custom' from pack STMicroelectronics.X-CUBE-GNSS1.5.2.0: no header file found
2021-05-15 10:16:21,390 [WARN] ApiManager:294 - Cannot register API 'Data Exchange:lib_gnss' from pack STMicroelectronics.X-CUBE-GNSS1.5.2.0: no header file found
2021-05-15 10:16:21,391 [WARN] ApiManager:294 - Cannot register API 'Wireless:BlueNRG-MS' from pack STMicroelectronics.X-CUBE-BLE1.6.1.0: no header file found
2021-05-15 10:16:21,393 [WARN] ApiManager:294 - Cannot register API 'Wireless:BlueNRG-MS' from pack STMicroelectronics.X-CUBE-BLE1.6.2.0: no header file found
2021-05-15 10:16:21,395 [WARN] ApiManager:294 - Cannot register API 'Board Extension:NFC04A1' from pack STMicroelectronics.X-CUBE-NFC4.2.0.2: no header file found
2021-05-15 10:16:21,396 [WARN] ApiManager:294 - Cannot register API 'Board Extension:NFC04A1' from pack STMicroelectronics.X-CUBE-NFC4.2.0.1: no header file found
2021-05-15 10:16:21,398 [WARN] ApiManager:294 - Cannot register API 'Wireless:BlueNRG-2' from pack STMicroelectronics.X-CUBE-BLE2.3.1.0: no header file found
2021-05-15 10:16:21,398 [WARN] ApiManager:294 - Cannot register API 'Wireless:BlueNRG-2' from pack STMicroelectronics.X-CUBE-BLE2.3.2.0: no header file found
2021-05-15 10:16:21,959 [INFO] ImportTextPane:162 - (OptionalMessage_ERROR) IP (RCC) : Parameter (RTCHSEDivFreq_Value) has invalid value (4000000)
2021-05-15 10:16:22,618 [INFO] UtilMem:74 - End LoadConfig() Used Memory: 311394520 Bytes (610271232)
2021-05-15 10:16:22,622 [INFO] DbMcusXml:97 - Load MCU database from C:\ST\STM32CubeIDE_1.5.1\STM32CubeIDE\plugins\com.st.stm32cube.common.mx_6.1.1.202012091304\\db\/mcu/families.xml
2021-05-15 10:16:23,672 [INFO] DbMcusJson:92 - JSON generation date=Mon Feb 08 14:35:07 CET 2021 (1612791307)
2021-05-15 10:16:24,842 [INFO] DbMcus:176 - Found 1835 MCUs (1796 are supported by CubeMX, 1804 are visible in CubeMX)
2021-05-15 10:16:24,843 [INFO] ApiDb:238 - Load user favorites file C:\Users\mariamor/.stm32cubeide/favorites.mcus.txt: 0 item(s)
2021-05-15 10:16:24,844 [INFO] ApiDb:242 - User favorites MCUs=[]
2021-05-15 10:16:24,844 [INFO] DbMcus:188 - Set 0 / 0 favorites MCUs
2021-05-15 10:16:24,850 [WARN] ThirdParty:749 - waiting for thirdparty lock release [change project]
2021-05-15 10:16:24,850 [INFO] ThirdParty:751 - entering critical section [change project]
2021-05-15 10:16:24,850 [INFO] ThirdParty:939 - CMSIS Pack Vendor :RoweBots I-CUBE-UNISONRTOS 5.5.0-4
2021-05-15 10:16:24,850 [INFO] ThirdParty:939 - CMSIS Pack Vendor :STMicroelectronics X-CUBE-SFXS2LP1 3.0.0
2021-05-15 10:16:24,851 [INFO] ThirdParty:939 - CMSIS Pack Vendor :STMicroelectronics USB_HOST 2.0.0
2021-05-15 10:16:24,851 [INFO] ThirdParty:939 - CMSIS Pack Vendor :STMicroelectronics X-CUBE-SUBG2 3.0.1
2021-05-15 10:16:24,851 [INFO] ThirdParty:939 - CMSIS Pack Vendor :STMicroelectronics USB_DEVICE 3.0.0
2021-05-15 10:16:24,851 [INFO] ThirdParty:939 - CMSIS Pack Vendor :STMicroelectronics HAL Drivers 0.0.0
2021-05-15 10:16:24,851 [INFO] ThirdParty:939 - CMSIS Pack Vendor :STMicroelectronics MBEDTLS 2.16.2
2021-05-15 10:16:24,851 [INFO] ThirdParty:939 - CMSIS Pack Vendor :STMicroelectronics X-CUBE-SFXS2LP1 2.0.0
2021-05-15 10:16:24,851 [INFO] ThirdParty:939 - CMSIS Pack Vendor :STMicroelectronics MBEDTLS 2.14.1
2021-05-15 10:16:24,851 [INFO] ThirdParty:939 - CMSIS Pack Vendor :STMicroelectronics X-CUBE-SUBG2 4.0.0
2021-05-15 10:16:24,851 [INFO] ThirdParty:939 - CMSIS Pack Vendor :STMicroelectronics X-CUBE-TOF1 1.0.0
2021-05-15 10:16:24,851 [INFO] ThirdParty:939 - CMSIS Pack Vendor :STMicroelectronics X-CUBE-AZRTOS-H7 1.0.0
2021-05-15 10:16:24,851 [INFO] ThirdParty:939 - CMSIS Pack Vendor :STMicroelectronics USB_DEVICE 2.0.0
2021-05-15 10:16:24,851 [INFO] ThirdParty:939 - CMSIS Pack Vendor :STMicroelectronics X-CUBE-MEMS1 8.2.0
2021-05-15 10:16:24,851 [INFO] ThirdParty:939 - CMSIS Pack Vendor :STMicroelectronics X-CUBE-EEPRMA1 3.0.0
2021-05-15 10:16:24,852 [INFO] ThirdParty:939 - CMSIS Pack Vendor :STMicroelectronics X-CUBE-MEMS1 8.3.0
2021-05-15 10:16:24,852 [INFO] ThirdParty:939 - CMSIS Pack Vendor :STMicroelectronics X-CUBE-DISPLAY 1.0.0
2021-05-15 10:16:24,852 [INFO] ThirdParty:939 - CMSIS Pack Vendor :STMicroelectronics FreeRTOS 0.0.1
2021-05-15 10:16:24,852 [INFO] ThirdParty:939 - CMSIS Pack Vendor :STMicroelectronics USB_DEVICE 1.0.0
2021-05-15 10:16:24,852 [INFO] ThirdParty:939 - CMSIS Pack Vendor :STMicroelectronics X-CUBE-AI 6.0.0
2021-05-15 10:16:24,852 [INFO] ThirdParty:939 - CMSIS Pack Vendor :STMicroelectronics X-CUBE-ALGOBUILD 1.1.0
2021-05-15 10:16:24,853 [INFO] ThirdParty:939 - CMSIS Pack Vendor :STMicroelectronics X-CUBE-ALGOBUILD 1.2.0
2021-05-15 10:16:24,853 [INFO] ThirdParty:939 - CMSIS Pack Vendor :STMicroelectronics X-CUBE-GNSS1 5.1.0
2021-05-15 10:16:24,853 [INFO] ThirdParty:939 - CMSIS Pack Vendor :STMicroelectronics X-CUBE-GNSS1 5.2.0
2021-05-15 10:16:24,853 [INFO] ThirdParty:939 - CMSIS Pack Vendor :STMicroelectronics X-CUBE-BLE1 6.1.0
2021-05-15 10:16:24,853 [INFO] ThirdParty:939 - CMSIS Pack Vendor :STMicroelectronics lwIP 2.0.3
2021-05-15 10:16:24,853 [INFO] ThirdParty:939 - CMSIS Pack Vendor :STMicroelectronics lwIP 2.1.2
2021-05-15 10:16:24,853 [INFO] ThirdParty:939 - CMSIS Pack Vendor :STMicroelectronics X-CUBE-BLE1 6.2.0
2021-05-15 10:16:24,854 [INFO] ThirdParty:939 - CMSIS Pack Vendor :STMicroelectronics USB_HOST 1.0.0
2021-05-15 10:16:24,854 [INFO] ThirdParty:939 - CMSIS Pack Vendor :STMicroelectronics X-CUBE-NFC4 2.0.2
2021-05-15 10:16:24,854 [INFO] ThirdParty:939 - CMSIS Pack Vendor :STMicroelectronics X-CUBE-NFC4 2.0.1
2021-05-15 10:16:24,854 [INFO] ThirdParty:939 - CMSIS Pack Vendor :wolfSSL I-CUBE-wolfSSL 4.7.0
2021-05-15 10:16:24,854 [INFO] ThirdParty:939 - CMSIS Pack Vendor :STMicroelectronics X-CUBE-TOUCHGFX 4.16.1
2021-05-15 10:16:24,854 [INFO] ThirdParty:939 - CMSIS Pack Vendor :STMicroelectronics X-CUBE-AI 5.2.0
2021-05-15 10:16:24,854 [INFO] ThirdParty:939 - CMSIS Pack Vendor :STMicroelectronics PDM2PCM 3.1.0
2021-05-15 10:16:24,854 [INFO] ThirdParty:939 - CMSIS Pack Vendor :STMicroelectronics X-CUBE-TOUCHGFX 4.16.0
2021-05-15 10:16:24,855 [INFO] ThirdParty:939 - CMSIS Pack Vendor :STMicroelectronics PDM2PCM 3.2.0
2021-05-15 10:16:24,855 [INFO] ThirdParty:939 - CMSIS Pack Vendor :STMicroelectronics X-CUBE-BLE2 3.1.0
2021-05-15 10:16:24,855 [INFO] ThirdParty:939 - CMSIS Pack Vendor :STMicroelectronics PDM2PCM 3.3.0
2021-05-15 10:16:24,855 [INFO] ThirdParty:939 - CMSIS Pack Vendor :STMicroelectronics X-CUBE-BLE2 3.2.0
2021-05-15 10:16:24,855 [INFO] ThirdParty:757 - exiting critical section [change project]
2021-05-15 10:16:25,799 [INFO] PinOutPanel:1434 - setPackage(No Configuration,No Configuration)
2021-05-15 10:16:25,801 [INFO] PinOutPanel:1434 - setPackage(STM32F401RETx,LQFP64)
2021-05-15 10:16:26,395 [INFO] UtilMem:74 - Before build in PCC Used Memory: 553387072 Bytes (689963008)
2021-05-15 10:16:27,088 [INFO] SharedServices:72 - Folder for power plug-in: C:/Users/mariamor/.stm32cubemx/plugins/power
2021-05-15 10:16:27,150 [INFO] SharedServices:72 - Folder for power plug-in: C:/Users/mariamor/.stm32cubemx/plugins/power
2021-05-15 10:16:27,246 [INFO] SharedServices:72 - Folder for power plug-in: C:/Users/mariamor/.stm32cubemx/plugins/power
2021-05-15 10:16:27,261 [INFO] SharedServices:72 - Folder for power plug-in: C:/Users/mariamor/.stm32cubemx/plugins/power
2021-05-15 10:16:27,632 [INFO] UtilMem:74 - After build in PCC Used Memory: 405013576 Bytes (689963008)
2021-05-15 10:16:28,008 [INFO] IPUIPlugin:64 - create IPUIPlugin
2021-05-15 10:16:28,008 [INFO] IPUIPlugin:64 - create IPUIPlugin
2021-05-15 10:16:28,009 [INFO] IPUIPlugin:64 - create IPUIPlugin
2021-05-15 10:16:28,009 [INFO] IPUIPlugin:64 - create IPUIPlugin
2021-05-15 10:16:28,009 [INFO] IPUIPlugin:64 - create IPUIPlugin
2021-05-15 10:16:28,009 [INFO] IPUIPlugin:64 - create IPUIPlugin
2021-05-15 10:16:28,009 [INFO] IPUIPlugin:64 - create IPUIPlugin
2021-05-15 10:16:28,009 [INFO] IPUIPlugin:64 - create IPUIPlugin
2021-05-15 10:16:28,010 [INFO] IPUIPlugin:64 - create IPUIPlugin
2021-05-15 10:16:28,010 [INFO] IPUIPlugin:64 - create IPUIPlugin
2021-05-15 10:16:28,010 [INFO] IPUIPlugin:64 - create IPUIPlugin
2021-05-15 10:16:28,011 [INFO] IPUIPlugin:64 - create IPUIPlugin
2021-05-15 10:16:28,011 [INFO] IPUIPlugin:64 - create IPUIPlugin
2021-05-15 10:16:28,013 [INFO] IPUIPlugin:64 - create IPUIPlugin
2021-05-15 10:16:28,013 [INFO] IPUIPlugin:64 - create IPUIPlugin
2021-05-15 10:16:28,013 [INFO] IPUIPlugin:64 - create IPUIPlugin
2021-05-15 10:16:28,014 [INFO] IPUIPlugin:64 - create IPUIPlugin
2021-05-15 10:16:28,014 [INFO] IPUIPlugin:64 - create IPUIPlugin
2021-05-15 10:16:28,014 [INFO] IPUIPlugin:64 - create IPUIPlugin
2021-05-15 10:16:28,015 [INFO] IPUIPlugin:64 - create IPUIPlugin
2021-05-15 10:16:28,015 [INFO] IPUIPlugin:64 - create IPUIPlugin
2021-05-15 10:16:28,015 [INFO] IPUIPlugin:64 - create IPUIPlugin
2021-05-15 10:16:28,016 [INFO] IPUIPlugin:64 - create IPUIPlugin
2021-05-15 10:16:28,016 [INFO] IPUIPlugin:64 - create IPUIPlugin
2021-05-15 10:16:28,017 [INFO] IPUIPlugin:64 - create IPUIPlugin
2021-05-15 10:16:28,017 [INFO] IPUIPlugin:64 - create IPUIPlugin
2021-05-15 10:16:28,017 [INFO] IPUIPlugin:64 - create IPUIPlugin
2021-05-15 10:16:28,018 [INFO] IPUIPlugin:64 - create IPUIPlugin
2021-05-15 10:16:28,018 [INFO] IPUIPlugin:64 - create IPUIPlugin
2021-05-15 10:16:28,019 [INFO] IPUIPlugin:64 - create IPUIPlugin
2021-05-15 10:16:28,019 [INFO] IPUIPlugin:64 - create IPUIPlugin
2021-05-15 10:16:28,020 [INFO] IPUIPlugin:64 - create IPUIPlugin
2021-05-15 10:16:28,020 [INFO] IPUIPlugin:64 - create IPUIPlugin
2021-05-15 10:16:28,024 [INFO] IPUIPlugin:64 - create IPUIPlugin
2021-05-15 10:16:28,024 [INFO] IPUIPlugin:64 - create IPUIPlugin
2021-05-15 10:16:28,025 [INFO] IPUIPlugin:64 - create IPUIPlugin
2021-05-15 10:16:28,025 [INFO] IPUIPlugin:64 - create IPUIPlugin
2021-05-15 10:16:28,026 [INFO] IPUIPlugin:64 - create IPUIPlugin
2021-05-15 10:16:28,122 [INFO] ApiDbMcu:456 - Load IP Config File for PDM2PCM
2021-05-15 10:16:28,139 [WARN] IP:2091 - I2C_Coeff_DF not found: check if there is a RefParameter without a condition.
2021-05-15 10:16:28,139 [WARN] IP:2091 - Analog_Filter not found: check if there is a RefParameter without a condition.
2021-05-15 10:16:28,189 [INFO] LogOutputStream:76 - [STDOUT_REDIRECT] toolchainItems.length=====1
2021-05-15 10:16:28,415 [INFO] OpenFileManager:294 - Restore cursor
2021-05-15 10:16:28,439 [INFO] UtilMem:74 - End SaveConfig() Used Memory: 425985096 Bytes (689963008)
2021-05-15 10:16:28,577 [WARN] IP:2091 - I2C_Coeff_DF not found: check if there is a RefParameter without a condition.
2021-05-15 10:16:28,577 [WARN] IP:2091 - Analog_Filter not found: check if there is a RefParameter without a condition.
2021-05-15 10:16:28,579 [WARN] IP:2091 - I2C_Coeff_DF not found: check if there is a RefParameter without a condition.
2021-05-15 10:16:28,579 [WARN] IP:2091 - Analog_Filter not found: check if there is a RefParameter without a condition.
2021-05-15 10:16:28,681 [WARN] IP:2091 - I2C_Coeff_DF not found: check if there is a RefParameter without a condition.
2021-05-15 10:16:28,682 [WARN] IP:2091 - Analog_Filter not found: check if there is a RefParameter without a condition.
2021-05-15 10:16:28,683 [WARN] IP:2091 - I2C_Coeff_DF not found: check if there is a RefParameter without a condition.
2021-05-15 10:16:28,683 [WARN] IP:2091 - Analog_Filter not found: check if there is a RefParameter without a condition.
2021-05-15 10:24:24,721 [INFO] Activator:170 - 


2021-05-15 10:24:24,726 [INFO] Activator:171 - !SESSION log4j initialized
2021-05-15 11:19:53,980 [INFO] Activator:170 - 


2021-05-15 11:19:53,988 [INFO] Activator:171 - !SESSION log4j initialized
2021-05-15 15:49:46,652 [INFO] Activator:170 - 


2021-05-15 15:49:46,662 [INFO] Activator:171 - !SESSION log4j initialized
